Using pre-set license
Built from '2021.1/staging' branch; Version is '2021.1.6f1 (c0fade0cc7e9) revision 12647134'; Using compiler version '192528614'; Build Type 'Release'
OS: 'Windows 10 Pro; OS build 19042.1110; Version 2009; 64bit' Language: 'ru' Physical Memory: 16248 MB
BatchMode: 1, IsHumanControllingUs: 0, StartBugReporterOnCrash: 0, Is64bit: 1, IsPro: 0

 COMMAND LINE ARGUMENTS:
C:\Program Files\Unity\Hub\Editor\2021.1.6f1\Editor\Unity.exe
-adb2
-batchMode
-noUpm
-name
AssetImportWorker1
-projectPath
D:/Repos/Omniknights
-logFile
Logs/AssetImportWorker1.log
-srvPort
53679
Successfully changed project path to: D:/Repos/Omniknights
D:/Repos/Omniknights
Using Asset Import Pipeline V2.
Refreshing native plugins compatible for Editor in 524.43 ms, found 1 plugins.
Preloading 0 native plugins for Editor in 0.00 ms.
Initialize engine version: 2021.1.6f1 (c0fade0cc7e9)
[Subsystems] Discovering subsystems at path C:/Program Files/Unity/Hub/Editor/2021.1.6f1/Editor/Data/Resources/UnitySubsystems
[Subsystems] Discovering subsystems at path D:/Repos/Omniknights/Assets
GfxDevice: creating device client; threaded=0; jobified=0
Direct3D:
    Version:  Direct3D 11.0 [level 11.0]
    Renderer: NVIDIA GeForce GTX 950M (ID=0x139a)
    Vendor:   NVIDIA
    VRAM:     2010 MB
    Driver:   30.0.14.7111
Initialize mono
Mono path[0] = 'C:/Program Files/Unity/Hub/Editor/2021.1.6f1/Editor/Data/Managed'
Mono path[1] = 'C:/Program Files/Unity/Hub/Editor/2021.1.6f1/Editor/Data/MonoBleedingEdge/lib/mono/unityjit'
Mono config path = 'C:/Program Files/Unity/Hub/Editor/2021.1.6f1/Editor/Data/MonoBleedingEdge/etc'
Using monoOptions --debugger-agent=transport=dt_socket,embedding=1,server=y,suspend=n,address=127.0.0.1:56060
Begin MonoManager ReloadAssembly
Registering precompiled unity dll's ...
Register platform support module: C:/Program Files/Unity/Hub/Editor/2021.1.6f1/Editor/Data/PlaybackEngines/WindowsStandaloneSupport/UnityEditor.WindowsStandalone.Extensions.dll
Registered in 0.002366 seconds.
Native extension for WindowsStandalone target not found
Refreshing native plugins compatible for Editor in 216.37 ms, found 1 plugins.
Preloading 0 native plugins for Editor in 0.00 ms.
Mono: successfully reloaded assembly
- Completed reload, in  2.910 seconds
Platform modules already initialized, skipping
Registering precompiled user dll's ...
Registered in 0.005495 seconds.
Begin MonoManager ReloadAssembly
Native extension for WindowsStandalone target not found
Refreshing native plugins compatible for Editor in 0.99 ms, found 1 plugins.
Preloading 0 native plugins for Editor in 0.00 ms.
Mono: successfully reloaded assembly
- Completed reload, in  1.959 seconds
Platform modules already initialized, skipping
========================================================================
Worker process is ready to serve import requests
Launched and connected shader compiler UnityShaderCompiler.exe after 0.07 seconds
Refreshing native plugins compatible for Editor in 1.21 ms, found 1 plugins.
Preloading 0 native plugins for Editor in 0.00 ms.
Unloading 2725 Unused Serialized files (Serialized files now loaded: 0)
System memory in use before: 111.1 MB.
System memory in use after: 111.3 MB.

Unloading 15 unused Assets to reduce memory usage. Loaded Objects now: 3201.
Total: 4.442900 ms (FindLiveObjects: 0.515400 ms CreateObjectMapping: 0.259400 ms MarkObjects: 3.539400 ms  DeleteObjects: 0.127000 ms)

========================================================================
Received Import Request.
  path: Assets/Graphics/Enviroment/SkythianCat/Glowing_Forest/DEMO/Demo_terrain.asset
  artifactKey: Guid(e8b144a040126af469be6e95040b0fcd) Importer(815301076,1909f56bfc062723c751e8b465ee728b)
Start importing Assets/Graphics/Enviroment/SkythianCat/Glowing_Forest/DEMO/Demo_terrain.asset using Guid(e8b144a040126af469be6e95040b0fcd) Importer(815301076,1909f56bfc062723c751e8b465ee728b)  -> (artifact id: 'df24a08e6d8fe594a117043717b5d58d') in 0.213376 seconds 
========================================================================
Received Import Request.
  Time since last request: 0.000420 seconds.
  path: Assets/Graphics/Enviroment/SkythianCat/Glowing_Forest/DEMO/Demo_scene01.unity
  artifactKey: Guid(5d3ac0950c1edbb4890df7d2fbd3734b) Importer(815301076,1909f56bfc062723c751e8b465ee728b)
Start importing Assets/Graphics/Enviroment/SkythianCat/Glowing_Forest/DEMO/Demo_scene01.unity using Guid(5d3ac0950c1edbb4890df7d2fbd3734b) Importer(815301076,1909f56bfc062723c751e8b465ee728b)  -> (artifact id: '3c19b090655179db4f6f232ad146acc4') in 0.018704 seconds 
========================================================================
Received Import Request.
  Time since last request: 18.968391 seconds.
  path: Assets/Scenes/MainScene.unity
  artifactKey: Guid(5d3ac0950c1edbb4890df7d2fbd3734b) Importer(815301076,1909f56bfc062723c751e8b465ee728b)
Start importing Assets/Scenes/MainScene.unity using Guid(5d3ac0950c1edbb4890df7d2fbd3734b) Importer(815301076,1909f56bfc062723c751e8b465ee728b)  -> (artifact id: '34c561e09f8b174eab0208ac0d17aff5') in 0.041188 seconds 
========================================================================
Received Prepare
Registering precompiled user dll's ...
Registered in 0.004964 seconds.
Begin MonoManager ReloadAssembly
Native extension for WindowsStandalone target not found
Refreshing native plugins compatible for Editor in 1.00 ms, found 1 plugins.
Preloading 0 native plugins for Editor in 0.00 ms.
Mono: successfully reloaded assembly
- Completed reload, in  1.742 seconds
Platform modules already initialized, skipping
Refreshing native plugins compatible for Editor in 0.98 ms, found 1 plugins.
Preloading 0 native plugins for Editor in 0.00 ms.
Unloading 2706 Unused Serialized files (Serialized files now loaded: 0)
System memory in use before: 113.2 MB.
System memory in use after: 113.4 MB.

Unloading 10 unused Assets to reduce memory usage. Loaded Objects now: 3236.
Total: 3.763900 ms (FindLiveObjects: 0.379800 ms CreateObjectMapping: 0.232800 ms MarkObjects: 3.028700 ms  DeleteObjects: 0.120600 ms)

AssetImportWorkerClient::OnTransportError - code=2 error=End of file
