Using pre-set license
Built from '2021.1/staging' branch; Version is '2021.1.6f1 (c0fade0cc7e9) revision 12647134'; Using compiler version '192528614'; Build Type 'Release'
OS: 'Windows 10 Pro; OS build 19042.1110; Version 2009; 64bit' Language: 'ru' Physical Memory: 16248 MB
BatchMode: 1, IsHumanControllingUs: 0, StartBugReporterOnCrash: 0, Is64bit: 1, IsPro: 0

 COMMAND LINE ARGUMENTS:
C:\Program Files\Unity\Hub\Editor\2021.1.6f1\Editor\Unity.exe
-adb2
-batchMode
-noUpm
-name
AssetImportWorker0
-projectPath
D:/Repos/Omniknights
-logFile
Logs/AssetImportWorker0.log
-srvPort
65238
Successfully changed project path to: D:/Repos/Omniknights
D:/Repos/Omniknights
Using Asset Import Pipeline V2.
Refreshing native plugins compatible for Editor in 149.43 ms, found 1 plugins.
Preloading 0 native plugins for Editor in 0.00 ms.
Initialize engine version: 2021.1.6f1 (c0fade0cc7e9)
[Subsystems] Discovering subsystems at path C:/Program Files/Unity/Hub/Editor/2021.1.6f1/Editor/Data/Resources/UnitySubsystems
[Subsystems] Discovering subsystems at path D:/Repos/Omniknights/Assets
GfxDevice: creating device client; threaded=0; jobified=0
Direct3D:
    Version:  Direct3D 11.0 [level 11.0]
    Renderer: NVIDIA GeForce GTX 950M (ID=0x139a)
    Vendor:   NVIDIA
    VRAM:     2010 MB
    Driver:   30.0.14.7111
Initialize mono
Mono path[0] = 'C:/Program Files/Unity/Hub/Editor/2021.1.6f1/Editor/Data/Managed'
Mono path[1] = 'C:/Program Files/Unity/Hub/Editor/2021.1.6f1/Editor/Data/MonoBleedingEdge/lib/mono/unityjit'
Mono config path = 'C:/Program Files/Unity/Hub/Editor/2021.1.6f1/Editor/Data/MonoBleedingEdge/etc'
Using monoOptions --debugger-agent=transport=dt_socket,embedding=1,server=y,suspend=n,address=127.0.0.1:56704
Begin MonoManager ReloadAssembly
Registering precompiled unity dll's ...
Register platform support module: C:/Program Files/Unity/Hub/Editor/2021.1.6f1/Editor/Data/PlaybackEngines/WindowsStandaloneSupport/UnityEditor.WindowsStandalone.Extensions.dll
Registered in 0.002303 seconds.
Native extension for WindowsStandalone target not found
Refreshing native plugins compatible for Editor in 163.32 ms, found 1 plugins.
Preloading 0 native plugins for Editor in 0.00 ms.
Mono: successfully reloaded assembly
- Completed reload, in  2.562 seconds
Platform modules already initialized, skipping
Registering precompiled user dll's ...
Registered in 0.003322 seconds.
Begin MonoManager ReloadAssembly
Native extension for WindowsStandalone target not found
Refreshing native plugins compatible for Editor in 0.94 ms, found 1 plugins.
Preloading 0 native plugins for Editor in 0.00 ms.
Mono: successfully reloaded assembly
- Completed reload, in  1.880 seconds
Platform modules already initialized, skipping
========================================================================
Worker process is ready to serve import requests
Launched and connected shader compiler UnityShaderCompiler.exe after 0.06 seconds
Refreshing native plugins compatible for Editor in 1.18 ms, found 1 plugins.
Preloading 0 native plugins for Editor in 0.00 ms.
Unloading 2725 Unused Serialized files (Serialized files now loaded: 0)
System memory in use before: 111.3 MB.
System memory in use after: 111.5 MB.

Unloading 15 unused Assets to reduce memory usage. Loaded Objects now: 3201.
Total: 3.295400 ms (FindLiveObjects: 0.317200 ms CreateObjectMapping: 0.211100 ms MarkObjects: 2.667600 ms  DeleteObjects: 0.098300 ms)

========================================================================
Received Import Request.
  path: Assets/Scripts/Player/WindEffect.cs
  artifactKey: Guid(d57d0fb3f09f4f140a84fa8ae1265083) Importer(815301076,1909f56bfc062723c751e8b465ee728b)
Start importing Assets/Scripts/Player/WindEffect.cs using Guid(d57d0fb3f09f4f140a84fa8ae1265083) Importer(815301076,1909f56bfc062723c751e8b465ee728b)  -> (artifact id: '7fd18957593e00be4341d7890334ebf7') in 0.036647 seconds 
========================================================================
Received Import Request.
  Time since last request: 0.000337 seconds.
  path: Assets/Scripts/Player/Movement.cs
  artifactKey: Guid(ba6667d4023e1ab46a036919c69a4682) Importer(815301076,1909f56bfc062723c751e8b465ee728b)
Start importing Assets/Scripts/Player/Movement.cs using Guid(ba6667d4023e1ab46a036919c69a4682) Importer(815301076,1909f56bfc062723c751e8b465ee728b)  -> (artifact id: 'befc2f85a2f0cb6abaf9b2ff9f8dfd60') in 0.010417 seconds 
========================================================================
Received Import Request.
  Time since last request: 0.000667 seconds.
  path: Assets/Scripts/Player/Player.cs
  artifactKey: Guid(9e66c0c27f5768c439d22fcac59f4e40) Importer(815301076,1909f56bfc062723c751e8b465ee728b)
Start importing Assets/Scripts/Player/Player.cs using Guid(9e66c0c27f5768c439d22fcac59f4e40) Importer(815301076,1909f56bfc062723c751e8b465ee728b)  -> (artifact id: '49371cc8dfff0a94e862adf0d7a4b6df') in 0.003812 seconds 
========================================================================
Received Import Request.
  Time since last request: 58.926732 seconds.
  path: Assets/Graphics/Player/animator/arthur.controller
  artifactKey: Guid(d6851830e209a2645bec7b89c4455f83) Importer(815301076,1909f56bfc062723c751e8b465ee728b)
Start importing Assets/Graphics/Player/animator/arthur.controller using Guid(d6851830e209a2645bec7b89c4455f83) Importer(815301076,1909f56bfc062723c751e8b465ee728b)  -> (artifact id: '5619c6a70b9dd7cdfa53b5936649fb31') in 0.040815 seconds 
========================================================================
Received Prepare
Registering precompiled user dll's ...
Registered in 0.008168 seconds.
Begin MonoManager ReloadAssembly
Native extension for WindowsStandalone target not found
Refreshing native plugins compatible for Editor in 0.83 ms, found 1 plugins.
Preloading 0 native plugins for Editor in 0.00 ms.
Mono: successfully reloaded assembly
- Completed reload, in  1.972 seconds
Platform modules already initialized, skipping
Refreshing native plugins compatible for Editor in 0.95 ms, found 1 plugins.
Preloading 0 native plugins for Editor in 0.00 ms.
Unloading 2706 Unused Serialized files (Serialized files now loaded: 0)
System memory in use before: 109.8 MB.
System memory in use after: 110.0 MB.

Unloading 10 unused Assets to reduce memory usage. Loaded Objects now: 3205.
Total: 3.124700 ms (FindLiveObjects: 0.320800 ms CreateObjectMapping: 0.217300 ms MarkObjects: 2.476700 ms  DeleteObjects: 0.107900 ms)

========================================================================
Received Prepare
Registering precompiled user dll's ...
Registered in 0.002574 seconds.
Begin MonoManager ReloadAssembly
Native extension for WindowsStandalone target not found
Refreshing native plugins compatible for Editor in 0.86 ms, found 1 plugins.
Preloading 0 native plugins for Editor in 0.00 ms.
Mono: successfully reloaded assembly
- Completed reload, in  1.632 seconds
Platform modules already initialized, skipping
Refreshing native plugins compatible for Editor in 0.80 ms, found 1 plugins.
Preloading 0 native plugins for Editor in 0.00 ms.
Unloading 2706 Unused Serialized files (Serialized files now loaded: 0)
System memory in use before: 109.9 MB.
System memory in use after: 110.1 MB.

Unloading 10 unused Assets to reduce memory usage. Loaded Objects now: 3208.
Total: 2.756200 ms (FindLiveObjects: 0.283700 ms CreateObjectMapping: 0.251900 ms MarkObjects: 2.138000 ms  DeleteObjects: 0.081000 ms)

========================================================================
Received Import Request.
  Time since last request: 351.867900 seconds.
  path: Assets/Scripts/RTS_Camera.cs
  artifactKey: Guid(02e0cbb360cbe5a42b01bd74400f014d) Importer(815301076,1909f56bfc062723c751e8b465ee728b)
Start importing Assets/Scripts/RTS_Camera.cs using Guid(02e0cbb360cbe5a42b01bd74400f014d) Importer(815301076,1909f56bfc062723c751e8b465ee728b)  -> (artifact id: '3f72e56f5e7129ea1bf667cd14e791ee') in 0.013144 seconds 
========================================================================
Received Prepare
Registering precompiled user dll's ...
Registered in 0.002598 seconds.
Begin MonoManager ReloadAssembly
Native extension for WindowsStandalone target not found
Refreshing native plugins compatible for Editor in 0.81 ms, found 1 plugins.
Preloading 0 native plugins for Editor in 0.00 ms.
Mono: successfully reloaded assembly
- Completed reload, in  1.622 seconds
Platform modules already initialized, skipping
Refreshing native plugins compatible for Editor in 3.99 ms, found 1 plugins.
Preloading 0 native plugins for Editor in 0.00 ms.
Unloading 2705 Unused Serialized files (Serialized files now loaded: 0)
System memory in use before: 109.9 MB.
System memory in use after: 110.1 MB.

Unloading 11 unused Assets to reduce memory usage. Loaded Objects now: 3210.
Total: 3.295000 ms (FindLiveObjects: 0.305000 ms CreateObjectMapping: 0.253700 ms MarkObjects: 2.483400 ms  DeleteObjects: 0.250900 ms)

========================================================================
Received Import Request.
  Time since last request: 287.667706 seconds.
  path: Assets/Scripts/Camera
  artifactKey: Guid(8424a2f94fde3e34aaf739af309cb251) Importer(815301076,1909f56bfc062723c751e8b465ee728b)
Start importing Assets/Scripts/Camera using Guid(8424a2f94fde3e34aaf739af309cb251) Importer(815301076,1909f56bfc062723c751e8b465ee728b)  -> (artifact id: 'e538ce63f358da5f09a7d463991026d7') in 0.027474 seconds 
========================================================================
Received Prepare
Registering precompiled user dll's ...
Registered in 0.002590 seconds.
Begin MonoManager ReloadAssembly
Native extension for WindowsStandalone target not found
Refreshing native plugins compatible for Editor in 0.87 ms, found 1 plugins.
Preloading 0 native plugins for Editor in 0.00 ms.
Mono: successfully reloaded assembly
- Completed reload, in  1.539 seconds
Platform modules already initialized, skipping
Refreshing native plugins compatible for Editor in 0.96 ms, found 1 plugins.
Preloading 0 native plugins for Editor in 0.00 ms.
Unloading 2712 Unused Serialized files (Serialized files now loaded: 0)
System memory in use before: 110.3 MB.
System memory in use after: 110.4 MB.

Unloading 12 unused Assets to reduce memory usage. Loaded Objects now: 3218.
Total: 3.349800 ms (FindLiveObjects: 0.304100 ms CreateObjectMapping: 0.274600 ms MarkObjects: 2.648600 ms  DeleteObjects: 0.120900 ms)

========================================================================
Received Import Request.
  Time since last request: 289.785029 seconds.
  path: Assets/RTS_Camera
  artifactKey: Guid(5b0ffdbfdbf4ad94da97503ece2213d6) Importer(815301076,1909f56bfc062723c751e8b465ee728b)
Start importing Assets/RTS_Camera using Guid(5b0ffdbfdbf4ad94da97503ece2213d6) Importer(815301076,1909f56bfc062723c751e8b465ee728b)  -> (artifact id: 'b52fd9d15568966f8640d2950e26534f') in 0.019066 seconds 
========================================================================
Received Import Request.
  Time since last request: 1.141458 seconds.
  path: Assets/RTS_Camera/RTS_Camera.prefab
  artifactKey: Guid(407bd5cbe8c43334bb1b25c0f3826974) Importer(815301076,1909f56bfc062723c751e8b465ee728b)
Start importing Assets/RTS_Camera/RTS_Camera.prefab using Guid(407bd5cbe8c43334bb1b25c0f3826974) Importer(815301076,1909f56bfc062723c751e8b465ee728b)  -> (artifact id: 'a30219877f4497daa80cb8d8ca5025bd') in 0.053595 seconds 
========================================================================
Received Import Request.
  Time since last request: 5.579639 seconds.
  path: Assets/RTS_Camera/Scripts
  artifactKey: Guid(0093e3f39000d9b47a825023d8a01b0e) Importer(815301076,1909f56bfc062723c751e8b465ee728b)
Start importing Assets/RTS_Camera/Scripts using Guid(0093e3f39000d9b47a825023d8a01b0e) Importer(815301076,1909f56bfc062723c751e8b465ee728b)  -> (artifact id: '0d89c46609d261836de8e4ca80f386b4') in 0.011052 seconds 
========================================================================
Received Import Request.
  Time since last request: 0.580257 seconds.
  path: Assets/RTS_Camera/Scripts/RTS_Camera.cs
  artifactKey: Guid(28ef8c68bade09b41aca258d42a632f2) Importer(815301076,1909f56bfc062723c751e8b465ee728b)
Start importing Assets/RTS_Camera/Scripts/RTS_Camera.cs using Guid(28ef8c68bade09b41aca258d42a632f2) Importer(815301076,1909f56bfc062723c751e8b465ee728b)  -> (artifact id: 'ac39e28b8a5a8b0989b2f9c9f8cc5260') in 0.002598 seconds 
========================================================================
Received Import Request.
  Time since last request: 2.093290 seconds.
  path: Assets/RTS_Camera/Scripts/Editor
  artifactKey: Guid(e5e4a28cbe8c55244bb1b72b33e5f8b6) Importer(815301076,1909f56bfc062723c751e8b465ee728b)
Start importing Assets/RTS_Camera/Scripts/Editor using Guid(e5e4a28cbe8c55244bb1b72b33e5f8b6) Importer(815301076,1909f56bfc062723c751e8b465ee728b)  -> (artifact id: '6d28d376636c7f88880606918969eb0c') in 0.011683 seconds 
========================================================================
Received Import Request.
  Time since last request: 7.026547 seconds.
  path: Assets/RTS_Camera/Demo
  artifactKey: Guid(956856e1994904f4b9fe5b0a79462fc2) Importer(815301076,1909f56bfc062723c751e8b465ee728b)
Start importing Assets/RTS_Camera/Demo using Guid(956856e1994904f4b9fe5b0a79462fc2) Importer(815301076,1909f56bfc062723c751e8b465ee728b)  -> (artifact id: 'eafedc679a855c39fd53efd72ca928a1') in 0.014482 seconds 
========================================================================
Received Import Request.
  Time since last request: 0.303184 seconds.
  path: Assets/RTS_Camera/Demo/Ground.mat
  artifactKey: Guid(86745fb50e6485046815fc26333d6ae2) Importer(815301076,1909f56bfc062723c751e8b465ee728b)
Start importing Assets/RTS_Camera/Demo/Ground.mat using Guid(86745fb50e6485046815fc26333d6ae2) Importer(815301076,1909f56bfc062723c751e8b465ee728b)  -> (artifact id: 'cf4de5137aaa880426e4d64dcf79abb3') in 0.131580 seconds 
========================================================================
Received Import Request.
  Time since last request: 0.000295 seconds.
  path: Assets/RTS_Camera/Demo/Targets.mat
  artifactKey: Guid(1a1299152cdc7a445ae272a808d55557) Importer(815301076,1909f56bfc062723c751e8b465ee728b)
Start importing Assets/RTS_Camera/Demo/Targets.mat using Guid(1a1299152cdc7a445ae272a808d55557) Importer(815301076,1909f56bfc062723c751e8b465ee728b)  -> (artifact id: 'bac15cefa6e81ac613d63bbb9e9a1e04') in 0.025790 seconds 
========================================================================
Received Import Request.
  Time since last request: 4.313721 seconds.
  path: Assets/RTS_Camera/Demo/TargetSelector.cs
  artifactKey: Guid(20048c13a5d194941bac6cd566a5e468) Importer(815301076,1909f56bfc062723c751e8b465ee728b)
Start importing Assets/RTS_Camera/Demo/TargetSelector.cs using Guid(20048c13a5d194941bac6cd566a5e468) Importer(815301076,1909f56bfc062723c751e8b465ee728b)  -> (artifact id: '05b24c820f7770f9a41db41e733d1114') in 0.010472 seconds 
========================================================================
Received Import Request.
  Time since last request: 2.537790 seconds.
  path: Assets/RTS_Camera/Demo/DemoScene.cs
  artifactKey: Guid(106f116a4d947e243a6e862cc3013ba9) Importer(815301076,1909f56bfc062723c751e8b465ee728b)
Start importing Assets/RTS_Camera/Demo/DemoScene.cs using Guid(106f116a4d947e243a6e862cc3013ba9) Importer(815301076,1909f56bfc062723c751e8b465ee728b)  -> (artifact id: '807112a093e95a80a91f29a9ba79fe8f') in 0.010992 seconds 
========================================================================
Received Import Request.
  Time since last request: 1.421222 seconds.
  path: Assets/RTS_Camera/Demo/Projectors
  artifactKey: Guid(ab90c5d984b4d4e9e935ae8760fd47ef) Importer(815301076,1909f56bfc062723c751e8b465ee728b)
Start importing Assets/RTS_Camera/Demo/Projectors using Guid(ab90c5d984b4d4e9e935ae8760fd47ef) Importer(815301076,1909f56bfc062723c751e8b465ee728b)  -> (artifact id: 'a01d96e52b548010b2a7a43800c4f358') in 0.011722 seconds 
========================================================================
Received Prepare
Registering precompiled user dll's ...
Registered in 0.003796 seconds.
Begin MonoManager ReloadAssembly
Native extension for WindowsStandalone target not found
Refreshing native plugins compatible for Editor in 0.80 ms, found 1 plugins.
Preloading 0 native plugins for Editor in 0.00 ms.
Mono: successfully reloaded assembly
- Completed reload, in  1.711 seconds
Platform modules already initialized, skipping
Refreshing native plugins compatible for Editor in 2.07 ms, found 1 plugins.
Preloading 0 native plugins for Editor in 0.00 ms.
Unloading 2708 Unused Serialized files (Serialized files now loaded: 0)
System memory in use before: 113.9 MB.
System memory in use after: 114.1 MB.

Unloading 12 unused Assets to reduce memory usage. Loaded Objects now: 3259.
Total: 6.246600 ms (FindLiveObjects: 0.737400 ms CreateObjectMapping: 0.570400 ms MarkObjects: 4.858600 ms  DeleteObjects: 0.078300 ms)

========================================================================
Received Import Request.
  Time since last request: 17.631735 seconds.
  path: Assets/RTS_Camera/RTS_Camera.prefab
  artifactKey: Guid(407bd5cbe8c43334bb1b25c0f3826974) Importer(815301076,1909f56bfc062723c751e8b465ee728b)
Start importing Assets/RTS_Camera/RTS_Camera.prefab using Guid(407bd5cbe8c43334bb1b25c0f3826974) Importer(815301076,1909f56bfc062723c751e8b465ee728b)  -> (artifact id: 'f998f35a7b18fcfd8ff57094f7508c52') in 0.087432 seconds 
========================================================================
Received Prepare
Registering precompiled user dll's ...
Registered in 0.002943 seconds.
Begin MonoManager ReloadAssembly
Native extension for WindowsStandalone target not found
Refreshing native plugins compatible for Editor in 0.99 ms, found 1 plugins.
Preloading 0 native plugins for Editor in 0.00 ms.
Mono: successfully reloaded assembly
- Completed reload, in  1.518 seconds
Platform modules already initialized, skipping
Refreshing native plugins compatible for Editor in 1.30 ms, found 1 plugins.
Preloading 0 native plugins for Editor in 0.00 ms.
Unloading 2708 Unused Serialized files (Serialized files now loaded: 0)
System memory in use before: 113.9 MB.
System memory in use after: 114.1 MB.

Unloading 10 unused Assets to reduce memory usage. Loaded Objects now: 3262.
Total: 3.857000 ms (FindLiveObjects: 0.306100 ms CreateObjectMapping: 0.232400 ms MarkObjects: 3.215600 ms  DeleteObjects: 0.101100 ms)

========================================================================
Received Import Request.
  Time since last request: 62.734775 seconds.
  path: Assets/Graphics/Prefabs/Camera
  artifactKey: Guid(17e5674c899b43842a21c6aa66d45479) Importer(815301076,1909f56bfc062723c751e8b465ee728b)
Start importing Assets/Graphics/Prefabs/Camera using Guid(17e5674c899b43842a21c6aa66d45479) Importer(815301076,1909f56bfc062723c751e8b465ee728b)  -> (artifact id: 'f6cedb8ad17db82b45c258fce246677e') in 0.017356 seconds 
========================================================================
Received Prepare
Registering precompiled user dll's ...
Registered in 0.003687 seconds.
Begin MonoManager ReloadAssembly
Native extension for WindowsStandalone target not found
Refreshing native plugins compatible for Editor in 0.92 ms, found 1 plugins.
Preloading 0 native plugins for Editor in 0.00 ms.
Mono: successfully reloaded assembly
- Completed reload, in  1.712 seconds
Platform modules already initialized, skipping
Refreshing native plugins compatible for Editor in 0.93 ms, found 1 plugins.
Preloading 0 native plugins for Editor in 0.00 ms.
Unloading 2708 Unused Serialized files (Serialized files now loaded: 0)
System memory in use before: 113.9 MB.
System memory in use after: 114.1 MB.

Unloading 10 unused Assets to reduce memory usage. Loaded Objects now: 3265.
Total: 3.119100 ms (FindLiveObjects: 0.356100 ms CreateObjectMapping: 0.215700 ms MarkObjects: 2.465600 ms  DeleteObjects: 0.080200 ms)

========================================================================
Received Prepare
Registering precompiled user dll's ...
Registered in 0.004492 seconds.
Begin MonoManager ReloadAssembly
Native extension for WindowsStandalone target not found
Refreshing native plugins compatible for Editor in 1.60 ms, found 1 plugins.
Preloading 0 native plugins for Editor in 0.00 ms.
Mono: successfully reloaded assembly
- Completed reload, in  1.982 seconds
Platform modules already initialized, skipping
Refreshing native plugins compatible for Editor in 1.43 ms, found 1 plugins.
Preloading 0 native plugins for Editor in 0.00 ms.
Unloading 2708 Unused Serialized files (Serialized files now loaded: 0)
System memory in use before: 113.9 MB.
System memory in use after: 114.1 MB.

Unloading 10 unused Assets to reduce memory usage. Loaded Objects now: 3268.
Total: 3.510100 ms (FindLiveObjects: 0.357600 ms CreateObjectMapping: 0.262900 ms MarkObjects: 2.797000 ms  DeleteObjects: 0.091000 ms)

========================================================================
Received Import Request.
  Time since last request: 720.452395 seconds.
  path: Assets/Graphics/Player/animator/arthur.controller
  artifactKey: Guid(d6851830e209a2645bec7b89c4455f83) Importer(815301076,1909f56bfc062723c751e8b465ee728b)
Start importing Assets/Graphics/Player/animator/arthur.controller using Guid(d6851830e209a2645bec7b89c4455f83) Importer(815301076,1909f56bfc062723c751e8b465ee728b)  -> (artifact id: 'd12f7a244e4ad912f61c13be3781b9fd') in 0.076045 seconds 
========================================================================
Received Prepare
Registering precompiled user dll's ...
Registered in 0.002932 seconds.
Begin MonoManager ReloadAssembly
Native extension for WindowsStandalone target not found
Refreshing native plugins compatible for Editor in 0.97 ms, found 1 plugins.
Preloading 0 native plugins for Editor in 0.00 ms.
Mono: successfully reloaded assembly
- Completed reload, in  1.441 seconds
Platform modules already initialized, skipping
Refreshing native plugins compatible for Editor in 1.09 ms, found 1 plugins.
Preloading 0 native plugins for Editor in 0.00 ms.
Unloading 2708 Unused Serialized files (Serialized files now loaded: 0)
System memory in use before: 113.9 MB.
System memory in use after: 114.1 MB.

Unloading 10 unused Assets to reduce memory usage. Loaded Objects now: 3271.
Total: 3.692300 ms (FindLiveObjects: 0.314100 ms CreateObjectMapping: 0.218800 ms MarkObjects: 3.040200 ms  DeleteObjects: 0.117300 ms)

========================================================================
Received Prepare
Registering precompiled user dll's ...
Registered in 0.003291 seconds.
Begin MonoManager ReloadAssembly
Native extension for WindowsStandalone target not found
Refreshing native plugins compatible for Editor in 1.12 ms, found 1 plugins.
Preloading 0 native plugins for Editor in 0.00 ms.
Mono: successfully reloaded assembly
- Completed reload, in  2.332 seconds
Platform modules already initialized, skipping
Refreshing native plugins compatible for Editor in 1.05 ms, found 1 plugins.
Preloading 0 native plugins for Editor in 0.00 ms.
Unloading 2708 Unused Serialized files (Serialized files now loaded: 0)
System memory in use before: 113.9 MB.
System memory in use after: 114.1 MB.

Unloading 10 unused Assets to reduce memory usage. Loaded Objects now: 3274.
Total: 5.236000 ms (FindLiveObjects: 0.515000 ms CreateObjectMapping: 0.394200 ms MarkObjects: 4.075000 ms  DeleteObjects: 0.249400 ms)

AssetImportWorkerClient::OnTransportError - code=2 error=End of file
