Using pre-set license
Built from '2021.1/release' branch; Version is '2021.1.0f1 (61a549675243) revision 6399305'; Using compiler version '192528614'; Build Type 'Release'
OS: 'Windows 10 Pro; OS build 19041.1110; Version 2004; 64bit' Language: 'ru' Physical Memory: 16324 MB
BatchMode: 1, IsHumanControllingUs: 0, StartBugReporterOnCrash: 0, Is64bit: 1, IsPro: 0

 COMMAND LINE ARGUMENTS:
C:\Program Files\Unity\Hub\Editor\2021.1.0f1\Editor\Unity.exe
-adb2
-batchMode
-noUpm
-name
AssetImportWorker0
-projectPath
D:/Repos/Omniknights
-logFile
Logs/AssetImportWorker0.log
-srvPort
57981
Successfully changed project path to: D:/Repos/Omniknights
D:/Repos/Omniknights
Using Asset Import Pipeline V2.
Refreshing native plugins compatible for Editor in 108.43 ms, found 3 plugins.
Preloading 0 native plugins for Editor in 0.00 ms.
Initialize engine version: 2021.1.0f1 (61a549675243)
[Subsystems] Discovering subsystems at path C:/Program Files/Unity/Hub/Editor/2021.1.0f1/Editor/Data/Resources/UnitySubsystems
[Subsystems] Discovering subsystems at path D:/Repos/Omniknights/Assets
GfxDevice: creating device client; threaded=0; jobified=0
Direct3D:
    Version:  Direct3D 11.0 [level 11.1]
    Renderer: NVIDIA GeForce RTX 2060 (ID=0x1f08)
    Vendor:   NVIDIA
    VRAM:     5980 MB
    Driver:   27.21.14.6259
Initialize mono
Mono path[0] = 'C:/Program Files/Unity/Hub/Editor/2021.1.0f1/Editor/Data/Managed'
Mono path[1] = 'C:/Program Files/Unity/Hub/Editor/2021.1.0f1/Editor/Data/MonoBleedingEdge/lib/mono/unityjit'
Mono config path = 'C:/Program Files/Unity/Hub/Editor/2021.1.0f1/Editor/Data/MonoBleedingEdge/etc'
Using monoOptions --debugger-agent=transport=dt_socket,embedding=1,server=y,suspend=n,address=127.0.0.1:56532
Begin MonoManager ReloadAssembly
Registering precompiled unity dll's ...
Register platform support module: C:/Program Files/Unity/Hub/Editor/2021.1.0f1/Editor/Data/PlaybackEngines/WindowsStandaloneSupport/UnityEditor.WindowsStandalone.Extensions.dll
Registered in 0.002284 seconds.
Native extension for WindowsStandalone target not found
Refreshing native plugins compatible for Editor in 103.15 ms, found 3 plugins.
Preloading 0 native plugins for Editor in 0.00 ms.
Mono: successfully reloaded assembly
- Completed reload, in  1.537 seconds
Platform modules already initialized, skipping
Registering precompiled user dll's ...
Registered in 0.004490 seconds.
Begin MonoManager ReloadAssembly
Symbol file LoadedFromMemory doesn't match image D:\Repos\Omniknights\Library\PackageCache\com.unity.visualscripting@1.6.1\Editor\VisualScripting.Core\Dependencies\YamlDotNet\Unity.VisualScripting.YamlDotNet.dll
Symbol file LoadedFromMemory doesn't match image D:\Repos\Omniknights\Library\PackageCache\com.unity.visualscripting@1.6.1\Editor\VisualScripting.Core\Dependencies\DotNetZip\Unity.VisualScripting.IonicZip.dll
Native extension for WindowsStandalone target not found
Refreshing native plugins compatible for Editor in 1.20 ms, found 3 plugins.
Preloading 0 native plugins for Editor in 0.00 ms.
Mono: successfully reloaded assembly
- Completed reload, in  1.311 seconds
Platform modules already initialized, skipping
========================================================================
Worker process is ready to serve import requests
Launched and connected shader compiler UnityShaderCompiler.exe after 0.06 seconds
Refreshing native plugins compatible for Editor in 1.03 ms, found 3 plugins.
Preloading 0 native plugins for Editor in 0.00 ms.
Unloading 3026 Unused Serialized files (Serialized files now loaded: 0)
System memory in use before: 120.0 MB.
System memory in use after: 120.2 MB.

Unloading 22 unused Assets to reduce memory usage. Loaded Objects now: 3497.
Total: 3.500700 ms (FindLiveObjects: 0.432200 ms CreateObjectMapping: 0.107200 ms MarkObjects: 2.876500 ms  DeleteObjects: 0.083600 ms)

========================================================================
Received Import Request.
  path: Assets/Graphics/TextMesh Pro/Examples & Extras/Fonts/Oswald-Bold.ttf
  artifactKey: Guid(c9f6d0e7bc8541498c9a4799ba184ede) Importer(815301076,1909f56bfc062723c751e8b465ee728b)
Start importing Assets/Graphics/TextMesh Pro/Examples & Extras/Fonts/Oswald-Bold.ttf using Guid(c9f6d0e7bc8541498c9a4799ba184ede) Importer(815301076,1909f56bfc062723c751e8b465ee728b)  -> (artifact id: 'e757f5c2d7089ba5396f6425524d7523') in 0.144504 seconds 
========================================================================
Received Import Request.
  Time since last request: 0.000225 seconds.
  path: Assets/Graphics/TextMesh Pro/Examples & Extras/Fonts/Roboto-Bold.ttf
  artifactKey: Guid(4beb055f07aaff244873dec698d0363e) Importer(815301076,1909f56bfc062723c751e8b465ee728b)
Start importing Assets/Graphics/TextMesh Pro/Examples & Extras/Fonts/Roboto-Bold.ttf using Guid(4beb055f07aaff244873dec698d0363e) Importer(815301076,1909f56bfc062723c751e8b465ee728b)  -> (artifact id: 'b319639fc689a7f78ed31107cc7a5ec0') in 0.059013 seconds 
========================================================================
Received Import Request.
  Time since last request: 0.000249 seconds.
  path: Assets/Graphics/UI/GUI Kit Casual Game/ResourcesData/Fonts/LilitaOne-Regular.ttf
  artifactKey: Guid(c16eb7d7c3953489db00312b8b09df4b) Importer(815301076,1909f56bfc062723c751e8b465ee728b)
Start importing Assets/Graphics/UI/GUI Kit Casual Game/ResourcesData/Fonts/LilitaOne-Regular.ttf using Guid(c16eb7d7c3953489db00312b8b09df4b) Importer(815301076,1909f56bfc062723c751e8b465ee728b)  -> (artifact id: '19867d69ee3f9cc8bdbda3b5dba9d184') in 0.054067 seconds 
========================================================================
Received Import Request.
  Time since last request: 0.000220 seconds.
  path: Assets/Graphics/TextMesh Pro/Examples & Extras/Fonts/Electronic Highway Sign.TTF
  artifactKey: Guid(8a2b9e2a607dd2143b58c44bc32410b4) Importer(815301076,1909f56bfc062723c751e8b465ee728b)
Start importing Assets/Graphics/TextMesh Pro/Examples & Extras/Fonts/Electronic Highway Sign.TTF using Guid(8a2b9e2a607dd2143b58c44bc32410b4) Importer(815301076,1909f56bfc062723c751e8b465ee728b)  -> (artifact id: '7d941132a80646210a5793e1668ffdbd') in 0.017937 seconds 
========================================================================
Received Import Request.
  Time since last request: 0.000166 seconds.
  path: Assets/Graphics/TextMesh Pro/Fonts/LiberationSans.ttf
  artifactKey: Guid(e3265ab4bf004d28a9537516768c1c75) Importer(815301076,1909f56bfc062723c751e8b465ee728b)
Start importing Assets/Graphics/TextMesh Pro/Fonts/LiberationSans.ttf using Guid(e3265ab4bf004d28a9537516768c1c75) Importer(815301076,1909f56bfc062723c751e8b465ee728b)  -> (artifact id: '04041b58ab0e8957ca4853f8fa8970d7') in 0.011893 seconds 
========================================================================
Received Import Request.
  Time since last request: 0.000219 seconds.
  path: Assets/Graphics/TextMesh Pro/Examples & Extras/Fonts/Bangers.ttf
  artifactKey: Guid(5dd49b3eacc540408c98eee0de38e0f1) Importer(815301076,1909f56bfc062723c751e8b465ee728b)
Start importing Assets/Graphics/TextMesh Pro/Examples & Extras/Fonts/Bangers.ttf using Guid(5dd49b3eacc540408c98eee0de38e0f1) Importer(815301076,1909f56bfc062723c751e8b465ee728b)  -> (artifact id: '552914c5ec2cebace1adae8463eacda7') in 0.042907 seconds 
========================================================================
Received Import Request.
  Time since last request: 0.000239 seconds.
  path: Assets/Graphics/TextMesh Pro/Examples & Extras/Fonts/Anton.ttf
  artifactKey: Guid(997a43b767814dd0a7642ec9b78cba41) Importer(815301076,1909f56bfc062723c751e8b465ee728b)
Start importing Assets/Graphics/TextMesh Pro/Examples & Extras/Fonts/Anton.ttf using Guid(997a43b767814dd0a7642ec9b78cba41) Importer(815301076,1909f56bfc062723c751e8b465ee728b)  -> (artifact id: '49749c4afb094a00ee39413e53352b3d') in 0.011534 seconds 
========================================================================
Received Prepare
Registering precompiled user dll's ...
Registered in 0.004434 seconds.
Begin MonoManager ReloadAssembly
Symbol file LoadedFromMemory doesn't match image D:\Repos\Omniknights\Library\PackageCache\com.unity.visualscripting@1.6.1\Editor\VisualScripting.Core\Dependencies\YamlDotNet\Unity.VisualScripting.YamlDotNet.dll
Symbol file LoadedFromMemory doesn't match image D:\Repos\Omniknights\Library\PackageCache\com.unity.visualscripting@1.6.1\Editor\VisualScripting.Core\Dependencies\DotNetZip\Unity.VisualScripting.IonicZip.dll
Native extension for WindowsStandalone target not found
Refreshing native plugins compatible for Editor in 0.71 ms, found 3 plugins.
Preloading 0 native plugins for Editor in 0.00 ms.
Mono: successfully reloaded assembly
- Completed reload, in  1.156 seconds
Platform modules already initialized, skipping
Switching build target platform(19) subTarget(0) extendedPlatform(0) -> platform(13) subTarget(537395200) extendedPlatform(0)
Refreshing native plugins compatible for Editor in 0.71 ms, found 3 plugins.
Preloading 0 native plugins for Editor in 0.00 ms.
Unloading 3012 Unused Serialized files (Serialized files now loaded: 0)
System memory in use before: 124.5 MB.
System memory in use after: 124.7 MB.

Unloading 17 unused Assets to reduce memory usage. Loaded Objects now: 3649.
Total: 2.528100 ms (FindLiveObjects: 0.248600 ms CreateObjectMapping: 0.072000 ms MarkObjects: 2.188800 ms  DeleteObjects: 0.017600 ms)

AssetImportParameters requested are different than current active one (requested -> active):
  custom:graphics/normal-map-encoding: 01000000000000000000000000000000 -> 02000000000000000000000000000000
========================================================================
Received Prepare
Registering precompiled user dll's ...
Registered in 0.004252 seconds.
Begin MonoManager ReloadAssembly
Symbol file LoadedFromMemory doesn't match image D:\Repos\Omniknights\Library\PackageCache\com.unity.visualscripting@1.6.1\Editor\VisualScripting.Core\Dependencies\YamlDotNet\Unity.VisualScripting.YamlDotNet.dll
Symbol file LoadedFromMemory doesn't match image D:\Repos\Omniknights\Library\PackageCache\com.unity.visualscripting@1.6.1\Editor\VisualScripting.Core\Dependencies\DotNetZip\Unity.VisualScripting.IonicZip.dll
Native extension for WindowsStandalone target not found
Refreshing native plugins compatible for Editor in 0.72 ms, found 3 plugins.
Preloading 0 native plugins for Editor in 0.00 ms.
Mono: successfully reloaded assembly
- Completed reload, in  1.172 seconds
Platform modules already initialized, skipping
Switching build target platform(19) subTarget(0) extendedPlatform(0) -> platform(13) subTarget(537395200) extendedPlatform(0)
Refreshing native plugins compatible for Editor in 0.74 ms, found 3 plugins.
Preloading 0 native plugins for Editor in 0.00 ms.
Unloading 3005 Unused Serialized files (Serialized files now loaded: 0)
System memory in use before: 124.3 MB.
System memory in use after: 124.5 MB.

Unloading 17 unused Assets to reduce memory usage. Loaded Objects now: 3652.
Total: 2.908200 ms (FindLiveObjects: 0.280700 ms CreateObjectMapping: 0.078300 ms MarkObjects: 2.530400 ms  DeleteObjects: 0.017600 ms)

AssetImportParameters requested are different than current active one (requested -> active):
  custom:graphics/normal-map-encoding: 01000000000000000000000000000000 -> 02000000000000000000000000000000
========================================================================
Received Prepare
Registering precompiled user dll's ...
Registered in 0.004272 seconds.
Begin MonoManager ReloadAssembly
Symbol file LoadedFromMemory doesn't match image D:\Repos\Omniknights\Library\PackageCache\com.unity.visualscripting@1.6.1\Editor\VisualScripting.Core\Dependencies\YamlDotNet\Unity.VisualScripting.YamlDotNet.dll
Symbol file LoadedFromMemory doesn't match image D:\Repos\Omniknights\Library\PackageCache\com.unity.visualscripting@1.6.1\Editor\VisualScripting.Core\Dependencies\DotNetZip\Unity.VisualScripting.IonicZip.dll
Native extension for WindowsStandalone target not found
Refreshing native plugins compatible for Editor in 1.01 ms, found 3 plugins.
Preloading 0 native plugins for Editor in 0.00 ms.
Mono: successfully reloaded assembly
- Completed reload, in  1.201 seconds
Platform modules already initialized, skipping
Switching build target platform(19) subTarget(0) extendedPlatform(0) -> platform(13) subTarget(537395200) extendedPlatform(0)
Refreshing native plugins compatible for Editor in 0.71 ms, found 3 plugins.
Preloading 0 native plugins for Editor in 0.00 ms.
Unloading 3005 Unused Serialized files (Serialized files now loaded: 0)
System memory in use before: 124.3 MB.
System memory in use after: 124.6 MB.

Unloading 17 unused Assets to reduce memory usage. Loaded Objects now: 3655.
Total: 3.024900 ms (FindLiveObjects: 0.282800 ms CreateObjectMapping: 0.078900 ms MarkObjects: 2.641800 ms  DeleteObjects: 0.020500 ms)

AssetImportParameters requested are different than current active one (requested -> active):
  custom:graphics/normal-map-encoding: 01000000000000000000000000000000 -> 02000000000000000000000000000000
========================================================================
Received Prepare
Registering precompiled user dll's ...
Registered in 0.004195 seconds.
Begin MonoManager ReloadAssembly
Symbol file LoadedFromMemory doesn't match image D:\Repos\Omniknights\Library\PackageCache\com.unity.visualscripting@1.6.1\Editor\VisualScripting.Core\Dependencies\YamlDotNet\Unity.VisualScripting.YamlDotNet.dll
Symbol file LoadedFromMemory doesn't match image D:\Repos\Omniknights\Library\PackageCache\com.unity.visualscripting@1.6.1\Editor\VisualScripting.Core\Dependencies\DotNetZip\Unity.VisualScripting.IonicZip.dll
Native extension for WindowsStandalone target not found
Refreshing native plugins compatible for Editor in 0.77 ms, found 3 plugins.
Preloading 0 native plugins for Editor in 0.00 ms.
Mono: successfully reloaded assembly
- Completed reload, in  1.185 seconds
Platform modules already initialized, skipping
Switching build target platform(19) subTarget(0) extendedPlatform(0) -> platform(13) subTarget(537395200) extendedPlatform(0)
Refreshing native plugins compatible for Editor in 0.73 ms, found 3 plugins.
Preloading 0 native plugins for Editor in 0.00 ms.
Unloading 3005 Unused Serialized files (Serialized files now loaded: 0)
System memory in use before: 124.4 MB.
System memory in use after: 124.6 MB.

Unloading 17 unused Assets to reduce memory usage. Loaded Objects now: 3658.
Total: 2.766300 ms (FindLiveObjects: 0.298500 ms CreateObjectMapping: 0.084100 ms MarkObjects: 2.365300 ms  DeleteObjects: 0.017300 ms)

AssetImportParameters requested are different than current active one (requested -> active):
  custom:graphics/normal-map-encoding: 01000000000000000000000000000000 -> 02000000000000000000000000000000
========================================================================
Received Prepare
Registering precompiled user dll's ...
Registered in 0.004604 seconds.
Begin MonoManager ReloadAssembly
Symbol file LoadedFromMemory doesn't match image D:\Repos\Omniknights\Library\PackageCache\com.unity.visualscripting@1.6.1\Editor\VisualScripting.Core\Dependencies\YamlDotNet\Unity.VisualScripting.YamlDotNet.dll
Symbol file LoadedFromMemory doesn't match image D:\Repos\Omniknights\Library\PackageCache\com.unity.visualscripting@1.6.1\Editor\VisualScripting.Core\Dependencies\DotNetZip\Unity.VisualScripting.IonicZip.dll
Native extension for WindowsStandalone target not found
Refreshing native plugins compatible for Editor in 0.72 ms, found 3 plugins.
Preloading 0 native plugins for Editor in 0.00 ms.
Mono: successfully reloaded assembly
- Completed reload, in  1.177 seconds
Platform modules already initialized, skipping
Switching build target platform(19) subTarget(0) extendedPlatform(0) -> platform(13) subTarget(537395200) extendedPlatform(0)
Refreshing native plugins compatible for Editor in 0.71 ms, found 3 plugins.
Preloading 0 native plugins for Editor in 0.00 ms.
Unloading 3005 Unused Serialized files (Serialized files now loaded: 0)
System memory in use before: 124.4 MB.
System memory in use after: 124.6 MB.

Unloading 17 unused Assets to reduce memory usage. Loaded Objects now: 3661.
Total: 2.592100 ms (FindLiveObjects: 0.258300 ms CreateObjectMapping: 0.074400 ms MarkObjects: 2.241300 ms  DeleteObjects: 0.017300 ms)

AssetImportParameters requested are different than current active one (requested -> active):
  custom:graphics/normal-map-encoding: 01000000000000000000000000000000 -> 02000000000000000000000000000000
========================================================================
Received Import Request.
  Time since last request: 2084.186582 seconds.
  path: ProjectSettings/TagManager.asset
  artifactKey: Guid(00000000000000003000000000000000) Importer(815301076,1909f56bfc062723c751e8b465ee728b)
Start importing ProjectSettings/TagManager.asset using Guid(00000000000000003000000000000000) Importer(815301076,1909f56bfc062723c751e8b465ee728b)  -> (artifact id: 'fa7063d7fbe28394895701a02d874596') in 0.019918 seconds 
========================================================================
Received Prepare
Registering precompiled user dll's ...
Registered in 0.004676 seconds.
Begin MonoManager ReloadAssembly
Symbol file LoadedFromMemory doesn't match image D:\Repos\Omniknights\Library\PackageCache\com.unity.visualscripting@1.6.1\Editor\VisualScripting.Core\Dependencies\YamlDotNet\Unity.VisualScripting.YamlDotNet.dll
Symbol file LoadedFromMemory doesn't match image D:\Repos\Omniknights\Library\PackageCache\com.unity.visualscripting@1.6.1\Editor\VisualScripting.Core\Dependencies\DotNetZip\Unity.VisualScripting.IonicZip.dll
Native extension for WindowsStandalone target not found
Refreshing native plugins compatible for Editor in 0.77 ms, found 3 plugins.
Preloading 0 native plugins for Editor in 0.00 ms.
Mono: successfully reloaded assembly
- Completed reload, in  1.256 seconds
Platform modules already initialized, skipping
Switching build target platform(19) subTarget(0) extendedPlatform(0) -> platform(13) subTarget(537395200) extendedPlatform(0)
Refreshing native plugins compatible for Editor in 0.73 ms, found 3 plugins.
Preloading 0 native plugins for Editor in 0.00 ms.
Unloading 3005 Unused Serialized files (Serialized files now loaded: 0)
System memory in use before: 124.4 MB.
System memory in use after: 124.6 MB.

Unloading 18 unused Assets to reduce memory usage. Loaded Objects now: 3664.
Total: 2.850500 ms (FindLiveObjects: 0.436000 ms CreateObjectMapping: 0.089900 ms MarkObjects: 2.304700 ms  DeleteObjects: 0.018400 ms)

AssetImportParameters requested are different than current active one (requested -> active):
  custom:graphics/normal-map-encoding: 01000000000000000000000000000000 -> 02000000000000000000000000000000
========================================================================
Received Import Request.
  Time since last request: 511.002018 seconds.
  path: Assets/Graphics/UI/GUI Kit Casual Game
  artifactKey: Guid(07d5b74e9e9d61b4487ff3fdf4c1ecd5) Importer(815301076,1909f56bfc062723c751e8b465ee728b)
Start importing Assets/Graphics/UI/GUI Kit Casual Game using Guid(07d5b74e9e9d61b4487ff3fdf4c1ecd5) Importer(815301076,1909f56bfc062723c751e8b465ee728b)  -> (artifact id: 'd4859638d7f62b0e19c234262aba4838') in 0.011097 seconds 
========================================================================
Received Import Request.
  Time since last request: 1.294822 seconds.
  path: Assets/Graphics/UI/GUI Kit Casual Game/Prefabs
  artifactKey: Guid(4ff1d119943604fbfa4aefa1c41c6625) Importer(815301076,1909f56bfc062723c751e8b465ee728b)
Start importing Assets/Graphics/UI/GUI Kit Casual Game/Prefabs using Guid(4ff1d119943604fbfa4aefa1c41c6625) Importer(815301076,1909f56bfc062723c751e8b465ee728b)  -> (artifact id: '9a3ab6d6aed956d72bd6903436491832') in 0.020347 seconds 
========================================================================
Received Import Request.
  Time since last request: 5.197795 seconds.
  path: Assets/Graphics/UI/GUI Kit Casual Game/Prefabs/UI_Slider
  artifactKey: Guid(b6f4a6831ea0344c1aa0bd68bfbdfbf4) Importer(815301076,1909f56bfc062723c751e8b465ee728b)
Start importing Assets/Graphics/UI/GUI Kit Casual Game/Prefabs/UI_Slider using Guid(b6f4a6831ea0344c1aa0bd68bfbdfbf4) Importer(815301076,1909f56bfc062723c751e8b465ee728b)  -> (artifact id: 'dfb67417227810fc6a02b194cd2e46bd') in 0.005938 seconds 
========================================================================
Received Import Request.
  Time since last request: 0.055242 seconds.
  path: Assets/Graphics/UI/GUI Kit Casual Game/Prefabs/UI_Slider/Group_RuneFuse.prefab
  artifactKey: Guid(2bc0f6572d66a49b38a10e94eafb3e8f) Importer(815301076,1909f56bfc062723c751e8b465ee728b)
Start importing Assets/Graphics/UI/GUI Kit Casual Game/Prefabs/UI_Slider/Group_RuneFuse.prefab using Guid(2bc0f6572d66a49b38a10e94eafb3e8f) Importer(815301076,1909f56bfc062723c751e8b465ee728b)  -> (artifact id: '86621bd266b91a394c4ecdb9e50a70f7') in 0.900215 seconds 
========================================================================
Received Import Request.
  Time since last request: 0.000340 seconds.
  path: Assets/Graphics/UI/GUI Kit Casual Game/Prefabs/UI_Slider/Slider_Character_Exp.prefab
  artifactKey: Guid(6e46ffc6e1d664b6ea12085d0c56480a) Importer(815301076,1909f56bfc062723c751e8b465ee728b)
Start importing Assets/Graphics/UI/GUI Kit Casual Game/Prefabs/UI_Slider/Slider_Character_Exp.prefab using Guid(6e46ffc6e1d664b6ea12085d0c56480a) Importer(815301076,1909f56bfc062723c751e8b465ee728b)  -> (artifact id: '1b3584bcabcfe13dde70c0419899744b') in 0.212140 seconds 
========================================================================
Received Import Request.
  Time since last request: 0.000243 seconds.
  path: Assets/Graphics/UI/GUI Kit Casual Game/Prefabs/UI_Slider/Slider_Character_Exp_LevelUp.prefab
  artifactKey: Guid(e6fad4cefc10b43039747a6b2deeb501) Importer(815301076,1909f56bfc062723c751e8b465ee728b)
Start importing Assets/Graphics/UI/GUI Kit Casual Game/Prefabs/UI_Slider/Slider_Character_Exp_LevelUp.prefab using Guid(e6fad4cefc10b43039747a6b2deeb501) Importer(815301076,1909f56bfc062723c751e8b465ee728b)  -> (artifact id: 'b3bc2444058d1ec90cfa475a665e7517') in 0.048288 seconds 
========================================================================
Received Import Request.
  Time since last request: 0.000214 seconds.
  path: Assets/Graphics/UI/GUI Kit Casual Game/Prefabs/UI_Slider/Slider_Token_Fillamount.prefab
  artifactKey: Guid(35ad99c5ee73b47a588592e2f5661500) Importer(815301076,1909f56bfc062723c751e8b465ee728b)
Start importing Assets/Graphics/UI/GUI Kit Casual Game/Prefabs/UI_Slider/Slider_Token_Fillamount.prefab using Guid(35ad99c5ee73b47a588592e2f5661500) Importer(815301076,1909f56bfc062723c751e8b465ee728b)  -> (artifact id: '3057b1125f4a22b5edaf31ad06ad4c74') in 0.133707 seconds 
========================================================================
Received Import Request.
  Time since last request: 0.000195 seconds.
  path: Assets/Graphics/UI/GUI Kit Casual Game/Prefabs/UI_Slider/Slider_Offline_Bar.prefab
  artifactKey: Guid(0107fc647d53a448abc8d9164eff4df9) Importer(815301076,1909f56bfc062723c751e8b465ee728b)
Start importing Assets/Graphics/UI/GUI Kit Casual Game/Prefabs/UI_Slider/Slider_Offline_Bar.prefab using Guid(0107fc647d53a448abc8d9164eff4df9) Importer(815301076,1909f56bfc062723c751e8b465ee728b)  -> (artifact id: '5ae70c4af310824e12e00df1dc148b6d') in 0.090139 seconds 
========================================================================
Received Import Request.
  Time since last request: 0.000225 seconds.
  path: Assets/Graphics/UI/GUI Kit Casual Game/Prefabs/UI_Slider/Slider_LoadingBar.prefab
  artifactKey: Guid(1655ad8223f244d34a1dc63ee78eac3f) Importer(815301076,1909f56bfc062723c751e8b465ee728b)
Start importing Assets/Graphics/UI/GUI Kit Casual Game/Prefabs/UI_Slider/Slider_LoadingBar.prefab using Guid(1655ad8223f244d34a1dc63ee78eac3f) Importer(815301076,1909f56bfc062723c751e8b465ee728b)  -> (artifact id: '62f0b82c3eb5c9747561ad8276c79b19') in 0.054647 seconds 
========================================================================
Received Import Request.
  Time since last request: 0.000211 seconds.
  path: Assets/Graphics/UI/GUI Kit Casual Game/Prefabs/UI_Slider/Slider_Character_Exp_Max.prefab
  artifactKey: Guid(7510804742b2b406e92c117f3a43f9b3) Importer(815301076,1909f56bfc062723c751e8b465ee728b)
Start importing Assets/Graphics/UI/GUI Kit Casual Game/Prefabs/UI_Slider/Slider_Character_Exp_Max.prefab using Guid(7510804742b2b406e92c117f3a43f9b3) Importer(815301076,1909f56bfc062723c751e8b465ee728b)  -> (artifact id: 'f48b5138fd8019696615cd39ba73574f') in 0.045686 seconds 
========================================================================
Received Import Request.
  Time since last request: 3.368115 seconds.
  path: Assets/Graphics/UI/GUI Kit Casual Game/Prefabs/UI_CommonUI
  artifactKey: Guid(434f0223e6db441dc917adaac3025cf1) Importer(815301076,1909f56bfc062723c751e8b465ee728b)
Start importing Assets/Graphics/UI/GUI Kit Casual Game/Prefabs/UI_CommonUI using Guid(434f0223e6db441dc917adaac3025cf1) Importer(815301076,1909f56bfc062723c751e8b465ee728b)  -> (artifact id: '32c229fca10efb2e0cbe5dbfb6686135') in 0.006189 seconds 
========================================================================
Received Import Request.
  Time since last request: 1.687747 seconds.
  path: Assets/Graphics/UI/GUI Kit Casual Game/Prefabs/Fx_Paticle
  artifactKey: Guid(94b6f0e33d6cd413e987ac5b0833e2b6) Importer(815301076,1909f56bfc062723c751e8b465ee728b)
Start importing Assets/Graphics/UI/GUI Kit Casual Game/Prefabs/Fx_Paticle using Guid(94b6f0e33d6cd413e987ac5b0833e2b6) Importer(815301076,1909f56bfc062723c751e8b465ee728b)  -> (artifact id: '5abf65f7c4968d1cda90dda221dff119') in 0.005858 seconds 
========================================================================
Received Import Request.
  Time since last request: 0.643392 seconds.
  path: Assets/Graphics/UI/GUI Kit Casual Game/Prefabs/UI_Buttons
  artifactKey: Guid(801aceceddaf4407bab212c65f5b3e0d) Importer(815301076,1909f56bfc062723c751e8b465ee728b)
Start importing Assets/Graphics/UI/GUI Kit Casual Game/Prefabs/UI_Buttons using Guid(801aceceddaf4407bab212c65f5b3e0d) Importer(815301076,1909f56bfc062723c751e8b465ee728b)  -> (artifact id: 'c78badcaba675fba3b0982c0e9c29a13') in 0.006004 seconds 
========================================================================
Received Import Request.
  Time since last request: 138.817169 seconds.
  path: Assets/Graphics/UI/Dialogue
  artifactKey: Guid(6b4acaf3a07dce642ad75ead1fa3b6b7) Importer(815301076,1909f56bfc062723c751e8b465ee728b)
Start importing Assets/Graphics/UI/Dialogue using Guid(6b4acaf3a07dce642ad75ead1fa3b6b7) Importer(815301076,1909f56bfc062723c751e8b465ee728b)  -> (artifact id: '6050a02d0d48158cefff9ceaedf6e316') in 0.006443 seconds 
========================================================================
Received Import Request.
  Time since last request: 8.248374 seconds.
  path: Assets/Graphics/UI/Dialogue/1619127760_62-phonoteka_org-p-fon-dlya-perepiski-65.png
  artifactKey: Guid(2450f188918edcb4ebc8fee1bf2ef282) Importer(815301076,1909f56bfc062723c751e8b465ee728b)
Start importing Assets/Graphics/UI/Dialogue/1619127760_62-phonoteka_org-p-fon-dlya-perepiski-65.png using Guid(2450f188918edcb4ebc8fee1bf2ef282) Importer(815301076,1909f56bfc062723c751e8b465ee728b)  -> (artifact id: '20a7b6fce3ae0a890707691b4e141cec') in 0.086537 seconds 
========================================================================
Received Import Request.
  Time since last request: 5.758195 seconds.
  path: Assets/Graphics/UI/Dialogue/1619127760_62-phonoteka_org-p-fon-dlya-perepiski-65.png
  artifactKey: Guid(2450f188918edcb4ebc8fee1bf2ef282) Importer(815301076,1909f56bfc062723c751e8b465ee728b)
Start importing Assets/Graphics/UI/Dialogue/1619127760_62-phonoteka_org-p-fon-dlya-perepiski-65.png using Guid(2450f188918edcb4ebc8fee1bf2ef282) Importer(815301076,1909f56bfc062723c751e8b465ee728b)  -> (artifact id: 'ec8c742a9f4423bf1c26d4153a733bd7') in 0.033358 seconds 
========================================================================
Received Import Request.
  Time since last request: 25.196969 seconds.
  path: Assets/Graphics/UI/Dialogue/1619127760_62-phonoteka_org-p-fon-dlya-perepiski-65.png
  artifactKey: Guid(2450f188918edcb4ebc8fee1bf2ef282) Importer(815301076,1909f56bfc062723c751e8b465ee728b)
Start importing Assets/Graphics/UI/Dialogue/1619127760_62-phonoteka_org-p-fon-dlya-perepiski-65.png using Guid(2450f188918edcb4ebc8fee1bf2ef282) Importer(815301076,1909f56bfc062723c751e8b465ee728b)  -> (artifact id: 'c50573357e479685baa7668068c5417c') in 0.011560 seconds 
========================================================================
Received Import Request.
  Time since last request: 3.030997 seconds.
  path: Assets/Graphics/UI/Dialogue/1619127760_62-phonoteka_org-p-fon-dlya-perepiski-65.png
  artifactKey: Guid(2450f188918edcb4ebc8fee1bf2ef282) Importer(815301076,1909f56bfc062723c751e8b465ee728b)
Start importing Assets/Graphics/UI/Dialogue/1619127760_62-phonoteka_org-p-fon-dlya-perepiski-65.png using Guid(2450f188918edcb4ebc8fee1bf2ef282) Importer(815301076,1909f56bfc062723c751e8b465ee728b)  -> (artifact id: 'e68c0937a1051372ef2b443de02455b9') in 0.011600 seconds 
========================================================================
Received Import Request.
  Time since last request: 18.022204 seconds.
  path: Assets/Graphics/UI/Dialogue/1619127760_62-phonoteka_org-p-fon-dlya-perepiski-65.png
  artifactKey: Guid(2450f188918edcb4ebc8fee1bf2ef282) Importer(815301076,1909f56bfc062723c751e8b465ee728b)
Start importing Assets/Graphics/UI/Dialogue/1619127760_62-phonoteka_org-p-fon-dlya-perepiski-65.png using Guid(2450f188918edcb4ebc8fee1bf2ef282) Importer(815301076,1909f56bfc062723c751e8b465ee728b)  -> (artifact id: 'e93833b14458d45d5e0a6b2d3bdf9709') in 0.011388 seconds 
========================================================================
Received Import Request.
  Time since last request: 3.736575 seconds.
  path: Assets/Graphics/UI/Dialogue/1619127760_62-phonoteka_org-p-fon-dlya-perepiski-65.png
  artifactKey: Guid(2450f188918edcb4ebc8fee1bf2ef282) Importer(815301076,1909f56bfc062723c751e8b465ee728b)
Start importing Assets/Graphics/UI/Dialogue/1619127760_62-phonoteka_org-p-fon-dlya-perepiski-65.png using Guid(2450f188918edcb4ebc8fee1bf2ef282) Importer(815301076,1909f56bfc062723c751e8b465ee728b)  -> (artifact id: '1cfcfc0c5e29d4ce90efae5ffdbc408a') in 0.011217 seconds 
========================================================================
Received Prepare
Registering precompiled user dll's ...
Registered in 0.004349 seconds.
Begin MonoManager ReloadAssembly
Symbol file LoadedFromMemory doesn't match image D:\Repos\Omniknights\Library\PackageCache\com.unity.visualscripting@1.6.1\Editor\VisualScripting.Core\Dependencies\YamlDotNet\Unity.VisualScripting.YamlDotNet.dll
Symbol file LoadedFromMemory doesn't match image D:\Repos\Omniknights\Library\PackageCache\com.unity.visualscripting@1.6.1\Editor\VisualScripting.Core\Dependencies\DotNetZip\Unity.VisualScripting.IonicZip.dll
Native extension for WindowsStandalone target not found
Refreshing native plugins compatible for Editor in 0.72 ms, found 3 plugins.
Preloading 0 native plugins for Editor in 0.00 ms.
Mono: successfully reloaded assembly
- Completed reload, in  1.237 seconds
Platform modules already initialized, skipping
Switching build target platform(19) subTarget(0) extendedPlatform(0) -> platform(13) subTarget(537395200) extendedPlatform(0)
Refreshing native plugins compatible for Editor in 0.82 ms, found 3 plugins.
Preloading 0 native plugins for Editor in 0.00 ms.
Unloading 3006 Unused Serialized files (Serialized files now loaded: 0)
System memory in use before: 136.4 MB.
System memory in use after: 136.6 MB.

Unloading 17 unused Assets to reduce memory usage. Loaded Objects now: 3757.
Total: 3.757800 ms (FindLiveObjects: 0.561900 ms CreateObjectMapping: 0.172500 ms MarkObjects: 3.003400 ms  DeleteObjects: 0.018300 ms)

AssetImportParameters requested are different than current active one (requested -> active):
  custom:graphics/normal-map-encoding: 01000000000000000000000000000000 -> 02000000000000000000000000000000
========================================================================
Received Prepare
Registering precompiled user dll's ...
Registered in 0.004428 seconds.
Begin MonoManager ReloadAssembly
Symbol file LoadedFromMemory doesn't match image D:\Repos\Omniknights\Library\PackageCache\com.unity.visualscripting@1.6.1\Editor\VisualScripting.Core\Dependencies\YamlDotNet\Unity.VisualScripting.YamlDotNet.dll
Symbol file LoadedFromMemory doesn't match image D:\Repos\Omniknights\Library\PackageCache\com.unity.visualscripting@1.6.1\Editor\VisualScripting.Core\Dependencies\DotNetZip\Unity.VisualScripting.IonicZip.dll
Native extension for WindowsStandalone target not found
Refreshing native plugins compatible for Editor in 0.72 ms, found 3 plugins.
Preloading 0 native plugins for Editor in 0.00 ms.
Mono: successfully reloaded assembly
- Completed reload, in  1.198 seconds
Platform modules already initialized, skipping
Switching build target platform(19) subTarget(0) extendedPlatform(0) -> platform(13) subTarget(537395200) extendedPlatform(0)
Refreshing native plugins compatible for Editor in 0.71 ms, found 3 plugins.
Preloading 0 native plugins for Editor in 0.00 ms.
Unloading 3005 Unused Serialized files (Serialized files now loaded: 0)
System memory in use before: 136.4 MB.
System memory in use after: 136.6 MB.

Unloading 17 unused Assets to reduce memory usage. Loaded Objects now: 3760.
Total: 2.670800 ms (FindLiveObjects: 0.258400 ms CreateObjectMapping: 0.075100 ms MarkObjects: 2.318300 ms  DeleteObjects: 0.018000 ms)

AssetImportParameters requested are different than current active one (requested -> active):
  custom:graphics/normal-map-encoding: 01000000000000000000000000000000 -> 02000000000000000000000000000000
========================================================================
Received Prepare
Registering precompiled user dll's ...
Registered in 0.004241 seconds.
Begin MonoManager ReloadAssembly
Symbol file LoadedFromMemory doesn't match image D:\Repos\Omniknights\Library\PackageCache\com.unity.visualscripting@1.6.1\Editor\VisualScripting.Core\Dependencies\YamlDotNet\Unity.VisualScripting.YamlDotNet.dll
Symbol file LoadedFromMemory doesn't match image D:\Repos\Omniknights\Library\PackageCache\com.unity.visualscripting@1.6.1\Editor\VisualScripting.Core\Dependencies\DotNetZip\Unity.VisualScripting.IonicZip.dll
Native extension for WindowsStandalone target not found
Refreshing native plugins compatible for Editor in 0.74 ms, found 3 plugins.
Preloading 0 native plugins for Editor in 0.00 ms.
Mono: successfully reloaded assembly
- Completed reload, in  1.226 seconds
Platform modules already initialized, skipping
Switching build target platform(19) subTarget(0) extendedPlatform(0) -> platform(13) subTarget(537395200) extendedPlatform(0)
Refreshing native plugins compatible for Editor in 0.78 ms, found 3 plugins.
Preloading 0 native plugins for Editor in 0.00 ms.
Unloading 3005 Unused Serialized files (Serialized files now loaded: 0)
System memory in use before: 136.4 MB.
System memory in use after: 136.6 MB.

Unloading 17 unused Assets to reduce memory usage. Loaded Objects now: 3763.
Total: 2.594600 ms (FindLiveObjects: 0.339200 ms CreateObjectMapping: 0.079100 ms MarkObjects: 2.158800 ms  DeleteObjects: 0.016800 ms)

AssetImportParameters requested are different than current active one (requested -> active):
  custom:graphics/normal-map-encoding: 01000000000000000000000000000000 -> 02000000000000000000000000000000
========================================================================
Received Prepare
Registering precompiled user dll's ...
Registered in 0.004613 seconds.
Begin MonoManager ReloadAssembly
Symbol file LoadedFromMemory doesn't match image D:\Repos\Omniknights\Library\PackageCache\com.unity.visualscripting@1.6.1\Editor\VisualScripting.Core\Dependencies\YamlDotNet\Unity.VisualScripting.YamlDotNet.dll
Symbol file LoadedFromMemory doesn't match image D:\Repos\Omniknights\Library\PackageCache\com.unity.visualscripting@1.6.1\Editor\VisualScripting.Core\Dependencies\DotNetZip\Unity.VisualScripting.IonicZip.dll
Native extension for WindowsStandalone target not found
Refreshing native plugins compatible for Editor in 0.74 ms, found 3 plugins.
Preloading 0 native plugins for Editor in 0.00 ms.
Mono: successfully reloaded assembly
- Completed reload, in  1.258 seconds
Platform modules already initialized, skipping
Switching build target platform(19) subTarget(0) extendedPlatform(0) -> platform(13) subTarget(537395200) extendedPlatform(0)
Refreshing native plugins compatible for Editor in 0.71 ms, found 3 plugins.
Preloading 0 native plugins for Editor in 0.00 ms.
Unloading 3005 Unused Serialized files (Serialized files now loaded: 0)
System memory in use before: 136.4 MB.
System memory in use after: 136.6 MB.

Unloading 17 unused Assets to reduce memory usage. Loaded Objects now: 3766.
Total: 2.651700 ms (FindLiveObjects: 0.289400 ms CreateObjectMapping: 0.089100 ms MarkObjects: 2.256500 ms  DeleteObjects: 0.015700 ms)

AssetImportParameters requested are different than current active one (requested -> active):
  custom:graphics/normal-map-encoding: 01000000000000000000000000000000 -> 02000000000000000000000000000000
========================================================================
Received Prepare
Registering precompiled user dll's ...
Registered in 0.004797 seconds.
Begin MonoManager ReloadAssembly
Symbol file LoadedFromMemory doesn't match image D:\Repos\Omniknights\Library\PackageCache\com.unity.visualscripting@1.6.1\Editor\VisualScripting.Core\Dependencies\YamlDotNet\Unity.VisualScripting.YamlDotNet.dll
Symbol file LoadedFromMemory doesn't match image D:\Repos\Omniknights\Library\PackageCache\com.unity.visualscripting@1.6.1\Editor\VisualScripting.Core\Dependencies\DotNetZip\Unity.VisualScripting.IonicZip.dll
Native extension for WindowsStandalone target not found
Refreshing native plugins compatible for Editor in 0.76 ms, found 3 plugins.
Preloading 0 native plugins for Editor in 0.00 ms.
Mono: successfully reloaded assembly
- Completed reload, in  1.270 seconds
Platform modules already initialized, skipping
Switching build target platform(19) subTarget(0) extendedPlatform(0) -> platform(13) subTarget(537395200) extendedPlatform(0)
Refreshing native plugins compatible for Editor in 0.81 ms, found 3 plugins.
Preloading 0 native plugins for Editor in 0.00 ms.
Unloading 3005 Unused Serialized files (Serialized files now loaded: 0)
System memory in use before: 136.4 MB.
System memory in use after: 136.6 MB.

Unloading 17 unused Assets to reduce memory usage. Loaded Objects now: 3769.
Total: 2.865700 ms (FindLiveObjects: 0.332800 ms CreateObjectMapping: 0.084800 ms MarkObjects: 2.429400 ms  DeleteObjects: 0.017400 ms)

AssetImportParameters requested are different than current active one (requested -> active):
  custom:graphics/normal-map-encoding: 01000000000000000000000000000000 -> 02000000000000000000000000000000
========================================================================
Received Prepare
Registering precompiled user dll's ...
Registered in 0.004350 seconds.
Begin MonoManager ReloadAssembly
Symbol file LoadedFromMemory doesn't match image D:\Repos\Omniknights\Library\PackageCache\com.unity.visualscripting@1.6.1\Editor\VisualScripting.Core\Dependencies\YamlDotNet\Unity.VisualScripting.YamlDotNet.dll
Symbol file LoadedFromMemory doesn't match image D:\Repos\Omniknights\Library\PackageCache\com.unity.visualscripting@1.6.1\Editor\VisualScripting.Core\Dependencies\DotNetZip\Unity.VisualScripting.IonicZip.dll
Native extension for WindowsStandalone target not found
Refreshing native plugins compatible for Editor in 0.73 ms, found 3 plugins.
Preloading 0 native plugins for Editor in 0.00 ms.
Mono: successfully reloaded assembly
- Completed reload, in  1.268 seconds
Platform modules already initialized, skipping
Switching build target platform(19) subTarget(0) extendedPlatform(0) -> platform(13) subTarget(537395200) extendedPlatform(0)
Refreshing native plugins compatible for Editor in 0.72 ms, found 3 plugins.
Preloading 0 native plugins for Editor in 0.00 ms.
Unloading 3005 Unused Serialized files (Serialized files now loaded: 0)
System memory in use before: 136.4 MB.
System memory in use after: 136.6 MB.

Unloading 17 unused Assets to reduce memory usage. Loaded Objects now: 3772.
Total: 2.599100 ms (FindLiveObjects: 0.277200 ms CreateObjectMapping: 0.077000 ms MarkObjects: 2.227800 ms  DeleteObjects: 0.016200 ms)

AssetImportParameters requested are different than current active one (requested -> active):
  custom:graphics/normal-map-encoding: 01000000000000000000000000000000 -> 02000000000000000000000000000000
========================================================================
Received Prepare
Registering precompiled user dll's ...
Registered in 0.004559 seconds.
Begin MonoManager ReloadAssembly
Symbol file LoadedFromMemory doesn't match image D:\Repos\Omniknights\Library\PackageCache\com.unity.visualscripting@1.6.1\Editor\VisualScripting.Core\Dependencies\YamlDotNet\Unity.VisualScripting.YamlDotNet.dll
Symbol file LoadedFromMemory doesn't match image D:\Repos\Omniknights\Library\PackageCache\com.unity.visualscripting@1.6.1\Editor\VisualScripting.Core\Dependencies\DotNetZip\Unity.VisualScripting.IonicZip.dll
Native extension for WindowsStandalone target not found
Refreshing native plugins compatible for Editor in 0.79 ms, found 3 plugins.
Preloading 0 native plugins for Editor in 0.00 ms.
Mono: successfully reloaded assembly
- Completed reload, in  1.291 seconds
Platform modules already initialized, skipping
Switching build target platform(19) subTarget(0) extendedPlatform(0) -> platform(13) subTarget(537395200) extendedPlatform(0)
Refreshing native plugins compatible for Editor in 0.79 ms, found 3 plugins.
Preloading 0 native plugins for Editor in 0.00 ms.
Unloading 3005 Unused Serialized files (Serialized files now loaded: 0)
System memory in use before: 136.4 MB.
System memory in use after: 136.6 MB.

Unloading 17 unused Assets to reduce memory usage. Loaded Objects now: 3775.
Total: 2.991500 ms (FindLiveObjects: 0.299400 ms CreateObjectMapping: 0.080800 ms MarkObjects: 2.589900 ms  DeleteObjects: 0.020300 ms)

AssetImportParameters requested are different than current active one (requested -> active):
  custom:graphics/normal-map-encoding: 01000000000000000000000000000000 -> 02000000000000000000000000000000
========================================================================
Received Prepare
Registering precompiled user dll's ...
Registered in 0.004438 seconds.
Begin MonoManager ReloadAssembly
Symbol file LoadedFromMemory doesn't match image D:\Repos\Omniknights\Library\PackageCache\com.unity.visualscripting@1.6.1\Editor\VisualScripting.Core\Dependencies\YamlDotNet\Unity.VisualScripting.YamlDotNet.dll
Symbol file LoadedFromMemory doesn't match image D:\Repos\Omniknights\Library\PackageCache\com.unity.visualscripting@1.6.1\Editor\VisualScripting.Core\Dependencies\DotNetZip\Unity.VisualScripting.IonicZip.dll
Native extension for WindowsStandalone target not found
Refreshing native plugins compatible for Editor in 1.29 ms, found 3 plugins.
Preloading 0 native plugins for Editor in 0.00 ms.
Mono: successfully reloaded assembly
- Completed reload, in  1.468 seconds
Platform modules already initialized, skipping
Switching build target platform(19) subTarget(0) extendedPlatform(0) -> platform(13) subTarget(537395200) extendedPlatform(0)
Refreshing native plugins compatible for Editor in 1.15 ms, found 3 plugins.
Preloading 0 native plugins for Editor in 0.00 ms.
Unloading 3005 Unused Serialized files (Serialized files now loaded: 0)
System memory in use before: 136.5 MB.
System memory in use after: 136.7 MB.

Unloading 17 unused Assets to reduce memory usage. Loaded Objects now: 3778.
Total: 3.192100 ms (FindLiveObjects: 0.494400 ms CreateObjectMapping: 0.160900 ms MarkObjects: 2.514800 ms  DeleteObjects: 0.020500 ms)

AssetImportParameters requested are different than current active one (requested -> active):
  custom:graphics/normal-map-encoding: 01000000000000000000000000000000 -> 02000000000000000000000000000000
